<?xml version="1.0" encoding="UTF-8"?>
<!-- Generated by org.testng.reporters.JUnitXMLReporter -->
<testsuite ignored="0" hostname="DESKTOP-57CDI7S" failures="0" tests="4" name="Default test" time="6.452" errors="0" timestamp="2026-04-23T14:50:45 GST">
  <testcase classname="com.api.test.datadriven.loginapiTestjson" name="loginapitest" time="4.771"/>
  <testcase classname="com.api.test.datadriven.loginapiTestjson" name="loginapitest" time="0.31"/>
  <testcase classname="com.api.test.datadriven.loginapiTestjson" name="loginapitest" time="0.34"/>
  <testcase classname="com.api.test.datadriven.loginapiTestjson" name="loginapitest" time="0.341"/>
</testsuite> <!-- Default test -->
