<?xml version="1.0" encoding="UTF-8"?>
<!-- Generated by org.testng.reporters.JUnitXMLReporter -->
<testsuite ignored="1" hostname="DESKTOP-57CDI7S" failures="0" tests="1" name="Default test" time="2.326" errors="0" timestamp="2026-04-04T16:51:36 GST">
  <testcase classname="com.api.test.masterapiTest" name="masterapitestnegative" time="2.256"/>
  <testcase classname="com.api.test.masterapiTest" name="masterapitest" time="0.0">
    <ignored/>
  </testcase> <!-- masterapitest -->
</testsuite> <!-- Default test -->
