<?xml version="1.0" encoding="UTF-8"?>
<testng-results ignored="0" total="4" passed="4" failed="0" skipped="0">
  <reporter-output>
  </reporter-output>
  <suite started-at="2026-04-23T14:50:38 GST" name="Default suite" finished-at="2026-04-23T14:50:45 GST" duration-ms="6452">
    <groups>
      <group name="Regression">
        <method signature="loginapiTestjson.loginapitest(com.pojo.usercred)[pri:0, instance:com.api.test.datadriven.loginapiTestjson@2892d68]" name="loginapitest" class="com.api.test.datadriven.loginapiTestjson"/>
      </group> <!-- Regression -->
      <group name="Smoke">
        <method signature="loginapiTestjson.loginapitest(com.pojo.usercred)[pri:0, instance:com.api.test.datadriven.loginapiTestjson@2892d68]" name="loginapitest" class="com.api.test.datadriven.loginapiTestjson"/>
      </group> <!-- Smoke -->
      <group name="api">
        <method signature="loginapiTestjson.loginapitest(com.pojo.usercred)[pri:0, instance:com.api.test.datadriven.loginapiTestjson@2892d68]" name="loginapitest" class="com.api.test.datadriven.loginapiTestjson"/>
      </group> <!-- api -->
    </groups>
    <test started-at="2026-04-23T14:50:38 GST" name="Default test" finished-at="2026-04-23T14:50:45 GST" duration-ms="6452">
      <class name="com.api.test.datadriven.loginapiTestjson">
        <test-method is-config="true" signature="setup()[pri:0, instance:com.api.test.datadriven.loginapiTestjson@2892d68]" started-at="2026-04-23T14:50:39 GST" name="setup" description="User credentials object creation" finished-at="2026-04-23T14:50:39 GST" duration-ms="9" status="PASS">
          <reporter-output>
          </reporter-output>
        </test-method> <!-- setup -->
        <test-method signature="loginapitest(com.pojo.usercred)[pri:0, instance:com.api.test.datadriven.loginapiTestjson@2892d68]" started-at="2026-04-23T14:50:39 GST" name="loginapitest" description="Verify if Login test for API is working as expected" data-provider="loginapijsondataprovider" finished-at="2026-04-23T14:50:44 GST" duration-ms="4771" status="PASS">
          <params>
            <param index="0">
              <value>
                <![CDATA[usercred[username=iamfd, password=password]]]>
              </value>
            </param>
          </params>
          <reporter-output>
          </reporter-output>
        </test-method> <!-- loginapitest -->
        <test-method is-config="true" signature="setup()[pri:0, instance:com.api.test.datadriven.loginapiTestjson@2892d68]" started-at="2026-04-23T14:50:44 GST" name="setup" description="User credentials object creation" finished-at="2026-04-23T14:50:44 GST" duration-ms="1" status="PASS">
          <reporter-output>
          </reporter-output>
        </test-method> <!-- setup -->
        <test-method signature="loginapitest(com.pojo.usercred)[pri:0, instance:com.api.test.datadriven.loginapiTestjson@2892d68]" started-at="2026-04-23T14:50:44 GST" name="loginapitest" description="Verify if Login test for API is working as expected" data-provider="loginapijsondataprovider" finished-at="2026-04-23T14:50:44 GST" duration-ms="310" status="PASS">
          <params>
            <param index="0">
              <value>
                <![CDATA[usercred[username=iamsup, password=password]]]>
              </value>
            </param>
          </params>
          <reporter-output>
          </reporter-output>
        </test-method> <!-- loginapitest -->
        <test-method is-config="true" signature="setup()[pri:0, instance:com.api.test.datadriven.loginapiTestjson@2892d68]" started-at="2026-04-23T14:50:44 GST" name="setup" description="User credentials object creation" finished-at="2026-04-23T14:50:44 GST" duration-ms="1" status="PASS">
          <reporter-output>
          </reporter-output>
        </test-method> <!-- setup -->
        <test-method signature="loginapitest(com.pojo.usercred)[pri:0, instance:com.api.test.datadriven.loginapiTestjson@2892d68]" started-at="2026-04-23T14:50:44 GST" name="loginapitest" description="Verify if Login test for API is working as expected" data-provider="loginapijsondataprovider" finished-at="2026-04-23T14:50:44 GST" duration-ms="340" status="PASS">
          <params>
            <param index="0">
              <value>
                <![CDATA[usercred[username=iameng, password=password]]]>
              </value>
            </param>
          </params>
          <reporter-output>
          </reporter-output>
        </test-method> <!-- loginapitest -->
        <test-method is-config="true" signature="setup()[pri:0, instance:com.api.test.datadriven.loginapiTestjson@2892d68]" started-at="2026-04-23T14:50:44 GST" name="setup" description="User credentials object creation" finished-at="2026-04-23T14:50:44 GST" duration-ms="1" status="PASS">
          <reporter-output>
          </reporter-output>
        </test-method> <!-- setup -->
        <test-method signature="loginapitest(com.pojo.usercred)[pri:0, instance:com.api.test.datadriven.loginapiTestjson@2892d68]" started-at="2026-04-23T14:50:44 GST" name="loginapitest" description="Verify if Login test for API is working as expected" data-provider="loginapijsondataprovider" finished-at="2026-04-23T14:50:45 GST" duration-ms="341" status="PASS">
          <params>
            <param index="0">
              <value>
                <![CDATA[usercred[username=iamqc, password=password]]]>
              </value>
            </param>
          </params>
          <reporter-output>
          </reporter-output>
        </test-method> <!-- loginapitest -->
      </class> <!-- com.api.test.datadriven.loginapiTestjson -->
    </test> <!-- Default test -->
  </suite> <!-- Default suite -->
</testng-results>
