<?xml version="1.0" encoding="UTF-8"?>
<!-- Generated by org.testng.reporters.JUnitReportReporter -->
<testsuite hostname="DESKTOP-57CDI7S" failures="0" tests="4" name="com.api.test.datadriven.loginapiTestjson" time="5.774" errors="0" timestamp="2026-04-23T14:50:45 GST" skipped="0">
  <testcase classname="com.api.test.datadriven.loginapiTestjson" name="loginapitest" time="4.780"/>
  <testcase classname="com.api.test.datadriven.loginapiTestjson" name="loginapitest" time="0.311"/>
  <testcase classname="com.api.test.datadriven.loginapiTestjson" name="loginapitest" time="0.341"/>
  <testcase classname="com.api.test.datadriven.loginapiTestjson" name="loginapitest" time="0.342"/>
</testsuite> <!-- com.api.test.datadriven.loginapiTestjson -->
