<?xml version="1.0" encoding="UTF-8"?>
<!-- Generated by org.testng.reporters.JUnitReportReporter -->
<testsuite hostname="DESKTOP-57CDI7S" failures="0" tests="2" name="com.api.test.masterapiTest" time="0.948" errors="0" timestamp="2026-04-06T14:50:16 GST" skipped="0">
  <testcase classname="com.api.test.masterapiTest" name="masterapitestnegative" time="0.172"/>
  <testcase classname="com.api.test.masterapiTest" name="masterapitest" time="0.776"/>
</testsuite> <!-- com.api.test.masterapiTest -->
